2020-04-22 16:04:695 INFO       Homepage :35 - Clicking on register link[[ChromeDriver: chrome on WINDOWS (c3b7da12cce9497eeb1ba30a291a3e71)] -> xpath: //a[@class='ico-register']]
2020-04-22 16:04:955 INFO       Homepage :57 - Clicking on radio button[[ChromeDriver: chrome on WINDOWS (c3b7da12cce9497eeb1ba30a291a3e71)] -> id: gender-female]
2020-04-22 16:04:231 INFO       Homepage :63 - Entering first namePratikshain first name field[[ChromeDriver: chrome on WINDOWS (c3b7da12cce9497eeb1ba30a291a3e71)] -> id: FirstName]
2020-04-22 16:04:417 INFO       Homepage :69 - Entering last namePatelin last name field[[ChromeDriver: chrome on WINDOWS (c3b7da12cce9497eeb1ba30a291a3e71)] -> id: LastName]
2020-04-22 16:04:730 INFO       Homepage :75 - Entering emailabc123@gmail.comin email field[[ChromeDriver: chrome on WINDOWS (c3b7da12cce9497eeb1ba30a291a3e71)] -> id: Email]
2020-04-22 16:04:968 INFO       Homepage :81 - Entering company namePBS Limitedin company name field[[ChromeDriver: chrome on WINDOWS (c3b7da12cce9497eeb1ba30a291a3e71)] -> id: Company]
2020-04-22 16:04:154 INFO       Homepage :87 - Entering password 2810omin password field[[ChromeDriver: chrome on WINDOWS (c3b7da12cce9497eeb1ba30a291a3e71)] -> id: Password]
2020-04-22 16:04:326 INFO       Homepage :93 - Entering confirm password2810om in confirm password field[[ChromeDriver: chrome on WINDOWS (c3b7da12cce9497eeb1ba30a291a3e71)] -> id: ConfirmPassword]
2020-04-22 16:04:889 INFO       Homepage :99 - Clicking on register button[[ChromeDriver: chrome on WINDOWS (c3b7da12cce9497eeb1ba30a291a3e71)] -> id: register-button]
2020-04-22 16:04:487 INFO       Homepage :104 - Getting registration complition confirmationProxy element for: DefaultElementLocator 'By.xpath: //div[@class='result']'
2020-04-27 23:04:806 INFO       HomePage :32 - Clicking on register link[[ChromeDriver: chrome on WINDOWS (d6c05ed488a2839090b40e1df2eb6ee6)] -> xpath: //a[@class='ico-register']]
2020-04-27 23:04:826 INFO       HomePage :32 - Clicking on register link[[ChromeDriver: chrome on WINDOWS (6c88138c10e14e734c29022c863216f7)] -> xpath: //a[@class='ico-register']]
2020-04-27 23:04:659 INFO       HomePage :26 - Clicking on login link[[ChromeDriver: chrome on WINDOWS (87fbef018762518b36b47a52097e3c6f)] -> link text: Log in]
2020-04-27 23:04:880 INFO       HomePage :37 - Entering emial abc123@gmail.comin email id field [[ChromeDriver: chrome on WINDOWS (87fbef018762518b36b47a52097e3c6f)] -> id: Email]
2020-04-27 23:04:11 INFO       HomePage :42 - Entering passwordxyz123 in password field [[ChromeDriver: chrome on WINDOWS (87fbef018762518b36b47a52097e3c6f)] -> id: Password]
2020-04-27 23:04:743 INFO       HomePage :47 - Clicking on login button[[ChromeDriver: chrome on WINDOWS (87fbef018762518b36b47a52097e3c6f)] -> xpath: //input[@class='button-1 login-button']]
2020-04-27 23:04:788 INFO       HomePage :62 - Getting login error message[[ChromeDriver: chrome on WINDOWS (87fbef018762518b36b47a52097e3c6f)] -> xpath: //div[@class='message-error validation-summary-errors']]
2020-04-27 23:04:865 INFO       HomePage :26 - Clicking on login link[[ChromeDriver: chrome on WINDOWS (80229358c39553d8b1738f8ffb8af809)] -> link text: Log in]
2020-04-27 23:04:51 INFO       HomePage :37 - Entering emial dfgsd@gmail.comin email id field [[ChromeDriver: chrome on WINDOWS (80229358c39553d8b1738f8ffb8af809)] -> id: Email]
2020-04-27 23:04:222 INFO       HomePage :42 - Entering passworddjljl1234 in password field [[ChromeDriver: chrome on WINDOWS (80229358c39553d8b1738f8ffb8af809)] -> id: Password]
2020-04-27 23:04:761 INFO       HomePage :47 - Clicking on login button[[ChromeDriver: chrome on WINDOWS (80229358c39553d8b1738f8ffb8af809)] -> xpath: //input[@class='button-1 login-button']]
2020-04-27 23:04:803 INFO       HomePage :62 - Getting login error message[[ChromeDriver: chrome on WINDOWS (80229358c39553d8b1738f8ffb8af809)] -> xpath: //div[@class='message-error validation-summary-errors']]
2020-04-27 23:04:446 INFO       HomePage :26 - Clicking on login link[[ChromeDriver: chrome on WINDOWS (81f6988dff70c1e5b87cc2399f87bce5)] -> link text: Log in]
2020-04-27 23:04:651 INFO       HomePage :37 - Entering emial ldjg@gmial.comin email id field [[ChromeDriver: chrome on WINDOWS (81f6988dff70c1e5b87cc2399f87bce5)] -> id: Email]
2020-04-27 23:04:810 INFO       HomePage :42 - Entering passwordsrougoe in password field [[ChromeDriver: chrome on WINDOWS (81f6988dff70c1e5b87cc2399f87bce5)] -> id: Password]
2020-04-27 23:04:294 INFO       HomePage :47 - Clicking on login button[[ChromeDriver: chrome on WINDOWS (81f6988dff70c1e5b87cc2399f87bce5)] -> xpath: //input[@class='button-1 login-button']]
2020-04-27 23:04:343 INFO       HomePage :62 - Getting login error message[[ChromeDriver: chrome on WINDOWS (81f6988dff70c1e5b87cc2399f87bce5)] -> xpath: //div[@class='message-error validation-summary-errors']]
2020-04-28 00:04:854 INFO       HomePage :32 - Clicking on register link[[ChromeDriver: chrome on WINDOWS (be34de0889e4a3a74a356d00c4599601)] -> xpath: //a[@class='ico-register']]
2020-04-28 00:04:402 INFO       HomePage :26 - Clicking on login link[[ChromeDriver: chrome on WINDOWS (8cf535923726d1b24cfa2116c8c1a84e)] -> link text: Log in]
2020-04-28 00:04:619 INFO       HomePage :37 - Entering emial abc123@gmail.comin email id field [[ChromeDriver: chrome on WINDOWS (8cf535923726d1b24cfa2116c8c1a84e)] -> id: Email]
2020-04-28 00:04:775 INFO       HomePage :42 - Entering passwordxyz123 in password field [[ChromeDriver: chrome on WINDOWS (8cf535923726d1b24cfa2116c8c1a84e)] -> id: Password]
2020-04-28 00:04:538 INFO       HomePage :47 - Clicking on login button[[ChromeDriver: chrome on WINDOWS (8cf535923726d1b24cfa2116c8c1a84e)] -> xpath: //input[@class='button-1 login-button']]
2020-04-28 00:04:591 INFO       HomePage :62 - Getting login error message[[ChromeDriver: chrome on WINDOWS (8cf535923726d1b24cfa2116c8c1a84e)] -> xpath: //div[@class='message-error validation-summary-errors']]
2020-04-28 00:04:149 INFO       HomePage :26 - Clicking on login link[[ChromeDriver: chrome on WINDOWS (f83a64e4f858053a27ad104609a825cd)] -> link text: Log in]
2020-04-28 00:04:330 INFO       HomePage :37 - Entering emial dfgsd@gmail.comin email id field [[ChromeDriver: chrome on WINDOWS (f83a64e4f858053a27ad104609a825cd)] -> id: Email]
2020-04-28 00:04:510 INFO       HomePage :42 - Entering passworddjljl1234 in password field [[ChromeDriver: chrome on WINDOWS (f83a64e4f858053a27ad104609a825cd)] -> id: Password]
2020-04-28 00:04:231 INFO       HomePage :47 - Clicking on login button[[ChromeDriver: chrome on WINDOWS (f83a64e4f858053a27ad104609a825cd)] -> xpath: //input[@class='button-1 login-button']]
2020-04-28 00:04:283 INFO       HomePage :62 - Getting login error message[[ChromeDriver: chrome on WINDOWS (f83a64e4f858053a27ad104609a825cd)] -> xpath: //div[@class='message-error validation-summary-errors']]
2020-04-28 00:04:880 INFO       HomePage :26 - Clicking on login link[[ChromeDriver: chrome on WINDOWS (532917abdb9fa94e426cd4531694a2b9)] -> link text: Log in]
2020-04-28 00:04:42 INFO       HomePage :37 - Entering emial ldjg@gmial.comin email id field [[ChromeDriver: chrome on WINDOWS (532917abdb9fa94e426cd4531694a2b9)] -> id: Email]
2020-04-28 00:04:194 INFO       HomePage :42 - Entering passwordsrougoe in password field [[ChromeDriver: chrome on WINDOWS (532917abdb9fa94e426cd4531694a2b9)] -> id: Password]
2020-04-28 00:04:694 INFO       HomePage :47 - Clicking on login button[[ChromeDriver: chrome on WINDOWS (532917abdb9fa94e426cd4531694a2b9)] -> xpath: //input[@class='button-1 login-button']]
2020-04-28 00:04:741 INFO       HomePage :62 - Getting login error message[[ChromeDriver: chrome on WINDOWS (532917abdb9fa94e426cd4531694a2b9)] -> xpath: //div[@class='message-error validation-summary-errors']]
2020-04-28 00:04:494 INFO       HomePage :32 - Clicking on register link[[ChromeDriver: chrome on WINDOWS (ef3cb3d55c06c77217c611050bdf2305)] -> xpath: //a[@class='ico-register']]
2020-04-28 00:04:388 INFO       HomePage :32 - Clicking on register link[[ChromeDriver: chrome on WINDOWS (d4830b1d1eb69a477978fffc452c75b7)] -> xpath: //a[@class='ico-register']]
2020-04-28 00:04:612 INFO       HomePage :38 - Mouse hovering on computer tab [[ChromeDriver: chrome on WINDOWS (c616a51ea9805a929303c84754943975)] -> xpath: //ul[@class='top-menu notmobile']//a[contains(text(),'Computers')]]
2020-04-28 00:04:455 INFO       HomePage :38 - Mouse hovering on computer tab [[ChromeDriver: chrome on WINDOWS (5d2d9ef5402ee15cf6f3c75bf124840d)] -> xpath: //ul[@class='top-menu notmobile']//a[contains(text(),'Computers')]]
2020-04-28 00:04:894 INFO       ComputersPage :33 - Mouse hovering on desktop and click[[ChromeDriver: chrome on WINDOWS (5d2d9ef5402ee15cf6f3c75bf124840d)] -> xpath: //ul[@class='top-menu notmobile']//a[contains(text(),'Computers')]]
2020-04-28 00:04:21 INFO       HomePage :26 - Clicking on login link[[ChromeDriver: chrome on WINDOWS (01ce4bede758c8436d7857aa0a961686)] -> link text: Log in]
2020-04-28 00:04:87 INFO       HomePage :51 - Geting welcome text[[ChromeDriver: chrome on WINDOWS (01ce4bede758c8436d7857aa0a961686)] -> xpath: //div[@class='page-title']//h1]
2020-04-28 00:04:276 INFO       HomePage :26 - Clicking on login link[[ChromeDriver: chrome on WINDOWS (8434709da3530a9a9c31015edb3667d0)] -> link text: Log in]
2020-04-28 00:04:494 INFO       HomePage :37 - Entering emial xyz13@gmail.comin email id field [[ChromeDriver: chrome on WINDOWS (8434709da3530a9a9c31015edb3667d0)] -> id: Email]
2020-04-28 00:04:655 INFO       HomePage :42 - Entering passwordabc123 in password field [[ChromeDriver: chrome on WINDOWS (8434709da3530a9a9c31015edb3667d0)] -> id: Password]
2020-04-28 00:04:205 INFO       HomePage :47 - Clicking on login buttonProxy element for: DefaultElementLocator 'By.xpath: //input[@class='button-1 login-button']'
2020-04-28 00:04:627 INFO       HomePage :26 - Clicking on login link[[ChromeDriver: chrome on WINDOWS (9cf8a91c11a3e6cdc4dc0595a3cc0fa7)] -> link text: Log in]
2020-04-28 00:04:855 INFO       HomePage :37 - Entering emial abc123@gmail.comin email id field [[ChromeDriver: chrome on WINDOWS (9cf8a91c11a3e6cdc4dc0595a3cc0fa7)] -> id: Email]
2020-04-28 00:04:65 INFO       HomePage :42 - Entering passwordxyz123 in password field [[ChromeDriver: chrome on WINDOWS (9cf8a91c11a3e6cdc4dc0595a3cc0fa7)] -> id: Password]
2020-04-28 00:04:535 INFO       HomePage :47 - Clicking on login button[[ChromeDriver: chrome on WINDOWS (9cf8a91c11a3e6cdc4dc0595a3cc0fa7)] -> xpath: //input[@class='button-1 login-button']]
2020-04-28 00:04:576 INFO       HomePage :62 - Getting login error message[[ChromeDriver: chrome on WINDOWS (9cf8a91c11a3e6cdc4dc0595a3cc0fa7)] -> xpath: //div[@class='message-error validation-summary-errors']]
2020-04-28 00:04:43 INFO       HomePage :26 - Clicking on login link[[ChromeDriver: chrome on WINDOWS (5acd9d90f5788b76735215c4c6527da2)] -> link text: Log in]
2020-04-28 00:04:255 INFO       HomePage :37 - Entering emial dfgsd@gmail.comin email id field [[ChromeDriver: chrome on WINDOWS (5acd9d90f5788b76735215c4c6527da2)] -> id: Email]
2020-04-28 00:04:406 INFO       HomePage :42 - Entering passworddjljl1234 in password field [[ChromeDriver: chrome on WINDOWS (5acd9d90f5788b76735215c4c6527da2)] -> id: Password]
2020-04-28 00:04:963 INFO       HomePage :47 - Clicking on login button[[ChromeDriver: chrome on WINDOWS (5acd9d90f5788b76735215c4c6527da2)] -> xpath: //input[@class='button-1 login-button']]
2020-04-28 00:04:09 INFO       HomePage :62 - Getting login error message[[ChromeDriver: chrome on WINDOWS (5acd9d90f5788b76735215c4c6527da2)] -> xpath: //div[@class='message-error validation-summary-errors']]
2020-04-28 00:04:359 INFO       HomePage :26 - Clicking on login link[[ChromeDriver: chrome on WINDOWS (bfc846fdf63b77964d45f7b9ca46e378)] -> link text: Log in]
2020-04-28 00:04:538 INFO       HomePage :37 - Entering emial ldjg@gmial.comin email id field [[ChromeDriver: chrome on WINDOWS (bfc846fdf63b77964d45f7b9ca46e378)] -> id: Email]
2020-04-28 00:04:686 INFO       HomePage :42 - Entering passwordsrougoe in password field [[ChromeDriver: chrome on WINDOWS (bfc846fdf63b77964d45f7b9ca46e378)] -> id: Password]
2020-04-28 00:04:402 INFO       HomePage :47 - Clicking on login button[[ChromeDriver: chrome on WINDOWS (bfc846fdf63b77964d45f7b9ca46e378)] -> xpath: //input[@class='button-1 login-button']]
2020-04-28 00:04:463 INFO       HomePage :62 - Getting login error message[[ChromeDriver: chrome on WINDOWS (bfc846fdf63b77964d45f7b9ca46e378)] -> xpath: //div[@class='message-error validation-summary-errors']]
2020-04-28 00:04:16 INFO       HomePage :32 - Clicking on register link[[ChromeDriver: chrome on WINDOWS (2e9bae52c113dfef68ead4d0a7ae3820)] -> xpath: //a[@class='ico-register']]
2020-04-28 21:04:526 INFO       HomePage :32 - Clicking on register link[[ChromeDriver: chrome on WINDOWS (7698bc4a638d510788c33a3490b06329)] -> xpath: //a[@class='ico-register']]
2020-04-28 21:04:856 INFO       HomePage :38 - Mouse hovering on computer tab [[ChromeDriver: chrome on WINDOWS (5b237c63b21cacb19f3bdbd50272011b)] -> xpath: //ul[@class='top-menu notmobile']//a[contains(text(),'Computers')]]
2020-04-28 21:04:676 INFO       HomePage :38 - Mouse hovering on computer tab [[ChromeDriver: chrome on WINDOWS (a39a59f1b08fa63a493ddeab5bc4b5e9)] -> xpath: //ul[@class='top-menu notmobile']//a[contains(text(),'Computers')]]
2020-04-28 21:04:946 INFO       ComputersPage :33 - Mouse hovering on desktop and click[[ChromeDriver: chrome on WINDOWS (a39a59f1b08fa63a493ddeab5bc4b5e9)] -> xpath: //ul[@class='top-menu notmobile']//a[contains(text(),'Computers')]]
2020-04-28 21:04:487 INFO       HomePage :26 - Clicking on login link[[ChromeDriver: chrome on WINDOWS (8993b815dabaefddfce8a3fcbf2ad673)] -> link text: Log in]
2020-04-28 21:04:568 INFO       HomePage :51 - Geting welcome text[[ChromeDriver: chrome on WINDOWS (8993b815dabaefddfce8a3fcbf2ad673)] -> xpath: //div[@class='page-title']//h1]
2020-04-28 21:04:241 INFO       HomePage :26 - Clicking on login link[[ChromeDriver: chrome on WINDOWS (14880e86bd2f174b66d25739d69a30b0)] -> link text: Log in]
2020-04-28 21:04:479 INFO       HomePage :37 - Entering emial xyz13@gmail.comin email id field [[ChromeDriver: chrome on WINDOWS (14880e86bd2f174b66d25739d69a30b0)] -> id: Email]
2020-04-28 21:04:660 INFO       HomePage :42 - Entering passwordabc123 in password field [[ChromeDriver: chrome on WINDOWS (14880e86bd2f174b66d25739d69a30b0)] -> id: Password]
2020-04-28 21:04:747 INFO       HomePage :47 - Clicking on login buttonProxy element for: DefaultElementLocator 'By.xpath: //input[@class='button-1 login-button']'
2020-04-28 21:04:226 INFO       HomePage :26 - Clicking on login link[[ChromeDriver: chrome on WINDOWS (a99d937eb0f0675b4716f282d0b87f28)] -> link text: Log in]
2020-04-28 21:04:425 INFO       HomePage :37 - Entering emial abc123@gmail.comin email id field [[ChromeDriver: chrome on WINDOWS (a99d937eb0f0675b4716f282d0b87f28)] -> id: Email]
2020-04-28 21:04:581 INFO       HomePage :42 - Entering passwordxyz123 in password field [[ChromeDriver: chrome on WINDOWS (a99d937eb0f0675b4716f282d0b87f28)] -> id: Password]
2020-04-28 21:04:50 INFO       HomePage :47 - Clicking on login button[[ChromeDriver: chrome on WINDOWS (a99d937eb0f0675b4716f282d0b87f28)] -> xpath: //input[@class='button-1 login-button']]
2020-04-28 21:04:112 INFO       HomePage :62 - Getting login error message[[ChromeDriver: chrome on WINDOWS (a99d937eb0f0675b4716f282d0b87f28)] -> xpath: //div[@class='message-error validation-summary-errors']]
2020-04-28 21:04:150 INFO       HomePage :26 - Clicking on login link[[ChromeDriver: chrome on WINDOWS (c6106edabc267bc849b0bf24ca072359)] -> link text: Log in]
2020-04-28 21:04:385 INFO       HomePage :37 - Entering emial dfgsd@gmail.comin email id field [[ChromeDriver: chrome on WINDOWS (c6106edabc267bc849b0bf24ca072359)] -> id: Email]
2020-04-28 21:04:567 INFO       HomePage :42 - Entering passworddjljl1234 in password field [[ChromeDriver: chrome on WINDOWS (c6106edabc267bc849b0bf24ca072359)] -> id: Password]
2020-04-28 21:04:196 INFO       HomePage :47 - Clicking on login button[[ChromeDriver: chrome on WINDOWS (c6106edabc267bc849b0bf24ca072359)] -> xpath: //input[@class='button-1 login-button']]
2020-04-28 21:04:258 INFO       HomePage :62 - Getting login error message[[ChromeDriver: chrome on WINDOWS (c6106edabc267bc849b0bf24ca072359)] -> xpath: //div[@class='message-error validation-summary-errors']]
2020-04-28 21:04:931 INFO       HomePage :26 - Clicking on login link[[ChromeDriver: chrome on WINDOWS (8c4df907ffd37335b937f1c1e4eec13d)] -> link text: Log in]
2020-04-28 21:04:154 INFO       HomePage :37 - Entering emial ldjg@gmial.comin email id field [[ChromeDriver: chrome on WINDOWS (8c4df907ffd37335b937f1c1e4eec13d)] -> id: Email]
2020-04-28 21:04:298 INFO       HomePage :42 - Entering passwordsrougoe in password field [[ChromeDriver: chrome on WINDOWS (8c4df907ffd37335b937f1c1e4eec13d)] -> id: Password]
2020-04-28 21:04:984 INFO       HomePage :47 - Clicking on login button[[ChromeDriver: chrome on WINDOWS (8c4df907ffd37335b937f1c1e4eec13d)] -> xpath: //input[@class='button-1 login-button']]
2020-04-28 21:04:40 INFO       HomePage :62 - Getting login error message[[ChromeDriver: chrome on WINDOWS (8c4df907ffd37335b937f1c1e4eec13d)] -> xpath: //div[@class='message-error validation-summary-errors']]
2020-04-28 21:04:545 INFO       HomePage :32 - Clicking on register link[[ChromeDriver: chrome on WINDOWS (fcc132d618410491c4ed0c00e4c22402)] -> xpath: //a[@class='ico-register']]
2020-04-29 23:04:616 INFO       HomePage :32 - Clicking on register link[[ChromeDriver: chrome on WINDOWS (610d06420b3953ab5038c1b62615df97)] -> xpath: //a[@class='ico-register']]
2020-04-29 23:04:862 INFO       HomePage :38 - Mouse hovering on computer tab [[ChromeDriver: chrome on WINDOWS (c3ddbbfd96311ca7e2b96e7ad3dedb75)] -> xpath: //ul[@class='top-menu notmobile']//a[contains(text(),'Computers')]]
2020-04-29 23:04:41 INFO       HomePage :38 - Mouse hovering on computer tab [[ChromeDriver: chrome on WINDOWS (5b2ff37537b714655afaba5a4bb42def)] -> xpath: //ul[@class='top-menu notmobile']//a[contains(text(),'Computers')]]
2020-04-29 23:04:380 INFO       ComputersPage :33 - Mouse hovering on desktop and click[[ChromeDriver: chrome on WINDOWS (5b2ff37537b714655afaba5a4bb42def)] -> xpath: //ul[@class='top-menu notmobile']//a[contains(text(),'Computers')]]
2020-04-29 23:04:466 INFO       HomePage :26 - Clicking on login link[[ChromeDriver: chrome on WINDOWS (59e413f5d95a503cf713265b9bb1e72f)] -> link text: Log in]
2020-04-29 23:04:504 INFO       HomePage :51 - Geting welcome text[[ChromeDriver: chrome on WINDOWS (59e413f5d95a503cf713265b9bb1e72f)] -> xpath: //div[@class='page-title']//h1]
2020-04-29 23:04:70 INFO       HomePage :26 - Clicking on login link[[ChromeDriver: chrome on WINDOWS (5397a83e140193634e58e765ca65c65b)] -> link text: Log in]
2020-04-29 23:04:310 INFO       HomePage :37 - Entering emial xyz13@gmail.comin email id field [[ChromeDriver: chrome on WINDOWS (5397a83e140193634e58e765ca65c65b)] -> id: Email]
2020-04-29 23:04:455 INFO       HomePage :42 - Entering passwordabc123 in password field [[ChromeDriver: chrome on WINDOWS (5397a83e140193634e58e765ca65c65b)] -> id: Password]
2020-04-29 23:04:259 INFO       HomePage :47 - Clicking on login buttonProxy element for: DefaultElementLocator 'By.xpath: //input[@class='button-1 login-button']'
2020-04-29 23:04:308 INFO       HomePage :26 - Clicking on login link[[ChromeDriver: chrome on WINDOWS (f9d2bd86f654d2ad6a9ee2e5c30ba60a)] -> link text: Log in]
2020-04-29 23:04:493 INFO       HomePage :37 - Entering emial abc123@gmail.comin email id field [[ChromeDriver: chrome on WINDOWS (f9d2bd86f654d2ad6a9ee2e5c30ba60a)] -> id: Email]
2020-04-29 23:04:641 INFO       HomePage :42 - Entering passwordxyz123 in password field [[ChromeDriver: chrome on WINDOWS (f9d2bd86f654d2ad6a9ee2e5c30ba60a)] -> id: Password]
2020-04-29 23:04:965 INFO       HomePage :47 - Clicking on login button[[ChromeDriver: chrome on WINDOWS (f9d2bd86f654d2ad6a9ee2e5c30ba60a)] -> xpath: //input[@class='button-1 login-button']]
2020-04-29 23:04:25 INFO       HomePage :62 - Getting login error message[[ChromeDriver: chrome on WINDOWS (f9d2bd86f654d2ad6a9ee2e5c30ba60a)] -> xpath: //div[@class='message-error validation-summary-errors']]
2020-04-29 23:04:659 INFO       HomePage :26 - Clicking on login link[[ChromeDriver: chrome on WINDOWS (7ab3dd9296f1e8d675458bb7c4cc89b3)] -> link text: Log in]
2020-04-29 23:04:825 INFO       HomePage :37 - Entering emial dfgsd@gmail.comin email id field [[ChromeDriver: chrome on WINDOWS (7ab3dd9296f1e8d675458bb7c4cc89b3)] -> id: Email]
2020-04-29 23:04:981 INFO       HomePage :42 - Entering passworddjljl1234 in password field [[ChromeDriver: chrome on WINDOWS (7ab3dd9296f1e8d675458bb7c4cc89b3)] -> id: Password]
2020-04-29 23:04:320 INFO       HomePage :47 - Clicking on login button[[ChromeDriver: chrome on WINDOWS (7ab3dd9296f1e8d675458bb7c4cc89b3)] -> xpath: //input[@class='button-1 login-button']]
2020-04-29 23:04:378 INFO       HomePage :62 - Getting login error message[[ChromeDriver: chrome on WINDOWS (7ab3dd9296f1e8d675458bb7c4cc89b3)] -> xpath: //div[@class='message-error validation-summary-errors']]
2020-04-29 23:04:344 INFO       HomePage :26 - Clicking on login link[[ChromeDriver: chrome on WINDOWS (21fc49ad519604c1438e280ff0f17e92)] -> link text: Log in]
2020-04-29 23:04:537 INFO       HomePage :37 - Entering emial ldjg@gmial.comin email id field [[ChromeDriver: chrome on WINDOWS (21fc49ad519604c1438e280ff0f17e92)] -> id: Email]
2020-04-29 23:04:677 INFO       HomePage :42 - Entering passwordsrougoe in password field [[ChromeDriver: chrome on WINDOWS (21fc49ad519604c1438e280ff0f17e92)] -> id: Password]
2020-04-29 23:04:25 INFO       HomePage :47 - Clicking on login button[[ChromeDriver: chrome on WINDOWS (21fc49ad519604c1438e280ff0f17e92)] -> xpath: //input[@class='button-1 login-button']]
2020-04-29 23:04:99 INFO       HomePage :62 - Getting login error message[[ChromeDriver: chrome on WINDOWS (21fc49ad519604c1438e280ff0f17e92)] -> xpath: //div[@class='message-error validation-summary-errors']]
2020-04-29 23:04:535 INFO       HomePage :32 - Clicking on register link[[ChromeDriver: chrome on WINDOWS (aca909021b7eac96d344853396ea2df2)] -> xpath: //a[@class='ico-register']]
