2020-04-29 01:04:990 INFO  HomePage :44 - Clicking on contact sales button[[ChromeDriver: chrome on WINDOWS (0c44e93b7734bb2f29a3b056ca61f850)] -> xpath: //a[contains(@class,'btn-orange contact-ohrm')]]
2020-04-29 01:04:24 INFO  HomePage :44 - Clicking on contact sales button[[ChromeDriver: chrome on WINDOWS (74041c41a29863729b92b5f82d47a690)] -> xpath: //a[contains(@class,'btn-orange contact-ohrm')]]
2020-04-29 01:04:392 INFO  HomePage :44 - Clicking on contact sales button[[ChromeDriver: chrome on WINDOWS (8e142691e7034afd6a05d3394acb3ef3)] -> xpath: //a[contains(@class,'btn-orange contact-ohrm')]]
2020-04-29 01:04:730 INFO  HomePage :50 - Entering first namePratikshain first name field[[ChromeDriver: chrome on WINDOWS (8e142691e7034afd6a05d3394acb3ef3)] -> name: firstname]
2020-04-29 01:04:146 INFO  HomePage :56 - Entering last namePatelin last name field[[ChromeDriver: chrome on WINDOWS (8e142691e7034afd6a05d3394acb3ef3)] -> name: lastname]
2020-04-29 01:04:439 INFO  HomePage :62 - Entering Company namePBS Limitedin company name field[[ChromeDriver: chrome on WINDOWS (8e142691e7034afd6a05d3394acb3ef3)] -> name: company]
2020-04-29 01:04:874 INFO  HomePage :68 - Selecting number of employees[[ChromeDriver: chrome on WINDOWS (8e142691e7034afd6a05d3394acb3ef3)] -> name: numemployees]
2020-04-29 01:04:278 INFO  HomePage :74 - Entering phone number07495172051 in phone number field[[ChromeDriver: chrome on WINDOWS (8e142691e7034afd6a05d3394acb3ef3)] -> name: phone]
2020-04-29 01:04:657 INFO  HomePage :80 - Entering job titleTesterin jobtitle field[[ChromeDriver: chrome on WINDOWS (8e142691e7034afd6a05d3394acb3ef3)] -> name: jobtitle]
2020-04-29 01:04:344 INFO  HomePage :86 - Entering emailpatty_appu@yahoo.co.ukin email field[[ChromeDriver: chrome on WINDOWS (8e142691e7034afd6a05d3394acb3ef3)] -> name: email]
2020-04-29 01:04:723 INFO  HomePage :92 - Selecting country name[[ChromeDriver: chrome on WINDOWS (8e142691e7034afd6a05d3394acb3ef3)] -> name: country]
2020-04-29 01:04:230 INFO  HomePage :98 - Entering comment[[ChromeDriver: chrome on WINDOWS (8e142691e7034afd6a05d3394acb3ef3)] -> name: message]
2020-04-29 21:04:975 INFO  HomePage :44 - Clicking on contact sales button[[ChromeDriver: chrome on WINDOWS (987f731226a09d7ca6f9cfa921708065)] -> xpath: //a[contains(@class,'btn-orange contact-ohrm')]]
2020-04-29 21:04:793 INFO  HomePage :44 - Clicking on contact sales button[[ChromeDriver: chrome on WINDOWS (a826a4f750d34bc21c9537600e7744ed)] -> xpath: //a[contains(@class,'btn-orange contact-ohrm')]]
2020-04-29 21:04:10 INFO  HomePage :50 - Entering first namePratikshain first name field[[ChromeDriver: chrome on WINDOWS (a826a4f750d34bc21c9537600e7744ed)] -> name: firstname]
2020-04-29 21:04:330 INFO  HomePage :56 - Entering last namePatelin last name field[[ChromeDriver: chrome on WINDOWS (a826a4f750d34bc21c9537600e7744ed)] -> name: lastname]
2020-04-29 21:04:754 INFO  HomePage :62 - Entering Company namePBS Limitedin company name field[[ChromeDriver: chrome on WINDOWS (a826a4f750d34bc21c9537600e7744ed)] -> name: company]
2020-04-29 21:04:235 INFO  HomePage :68 - Selecting number of employees[[ChromeDriver: chrome on WINDOWS (a826a4f750d34bc21c9537600e7744ed)] -> name: numemployees]
2020-04-29 21:04:614 INFO  HomePage :74 - Entering phone number07495172051 in phone number field[[ChromeDriver: chrome on WINDOWS (a826a4f750d34bc21c9537600e7744ed)] -> name: phone]
2020-04-29 21:04:942 INFO  HomePage :80 - Entering job titleTesterin jobtitle field[[ChromeDriver: chrome on WINDOWS (a826a4f750d34bc21c9537600e7744ed)] -> name: jobtitle]
2020-04-29 21:04:488 INFO  HomePage :86 - Entering emailpatty_appu@yahoo.co.ukin email field[[ChromeDriver: chrome on WINDOWS (a826a4f750d34bc21c9537600e7744ed)] -> name: email]
2020-04-29 21:04:949 INFO  HomePage :92 - Selecting country name[[ChromeDriver: chrome on WINDOWS (a826a4f750d34bc21c9537600e7744ed)] -> name: country]
2020-04-29 21:04:263 INFO  HomePage :98 - Entering comment[[ChromeDriver: chrome on WINDOWS (a826a4f750d34bc21c9537600e7744ed)] -> name: message]
2020-04-29 21:04:16 INFO  HomePage :44 - Clicking on contact sales button[[ChromeDriver: chrome on WINDOWS (32d21cd24441843c3a8bfb2aa452739d)] -> xpath: //a[contains(@class,'btn-orange contact-ohrm')]]
2020-04-29 21:04:257 INFO  HomePage :44 - Clicking on contact sales button[[ChromeDriver: chrome on WINDOWS (d24b1dbbbc7230fcdf60cb1b5b166fe4)] -> xpath: //a[contains(@class,'btn-orange contact-ohrm')]]
2020-04-29 21:04:381 INFO  HomePage :50 - Entering first nameNikitain first name field[[ChromeDriver: chrome on WINDOWS (d24b1dbbbc7230fcdf60cb1b5b166fe4)] -> name: firstname]
2020-04-29 21:04:777 INFO  HomePage :56 - Entering last namePatelin last name field[[ChromeDriver: chrome on WINDOWS (d24b1dbbbc7230fcdf60cb1b5b166fe4)] -> name: lastname]
2020-04-29 21:04:241 INFO  HomePage :62 - Entering Company nameACB Ltd.in company name field[[ChromeDriver: chrome on WINDOWS (d24b1dbbbc7230fcdf60cb1b5b166fe4)] -> name: company]
2020-04-29 21:04:809 INFO  HomePage :68 - Selecting number of employees[[ChromeDriver: chrome on WINDOWS (d24b1dbbbc7230fcdf60cb1b5b166fe4)] -> name: numemployees]
2020-04-29 21:04:225 INFO  HomePage :74 - Entering phone number07777888899 in phone number field[[ChromeDriver: chrome on WINDOWS (d24b1dbbbc7230fcdf60cb1b5b166fe4)] -> name: phone]
2020-04-29 21:04:651 INFO  HomePage :80 - Entering job titleQA Testerin jobtitle field[[ChromeDriver: chrome on WINDOWS (d24b1dbbbc7230fcdf60cb1b5b166fe4)] -> name: jobtitle]
2020-04-29 21:04:256 INFO  HomePage :86 - Entering emailabcdefg123@yahoo.co.ukin email field[[ChromeDriver: chrome on WINDOWS (d24b1dbbbc7230fcdf60cb1b5b166fe4)] -> name: email]
2020-04-29 21:04:747 INFO  HomePage :92 - Selecting country name[[ChromeDriver: chrome on WINDOWS (d24b1dbbbc7230fcdf60cb1b5b166fe4)] -> name: country]
2020-04-29 21:04:61 INFO  HomePage :98 - Entering comment[[ChromeDriver: chrome on WINDOWS (d24b1dbbbc7230fcdf60cb1b5b166fe4)] -> name: message]
